0 silly argv {
0 silly argv   _: [ 'run' ],
0 silly argv   scope: '@cherry-challenge/file-publisher',
0 silly argv   lernaVersion: '4.0.0',
0 silly argv   '$0': 'lerna',
0 silly argv   script: 'test'
0 silly argv }
1 notice cli v4.0.0
2 verbose rootPath /Users/giacomo.pasin/Documents/dev/cherry-lerna
3 error JSONError: Unexpected token "}" (0x7D) in JSON at position 1223 while parsing near "...noid\": \"^3.1.23\",\n  },\n  \"devDependencie..." in packages/file-publisher/package.json
3 error
3 error [0m [90m 35 |[39m     [32m"multer"[39m[33m:[39m [32m"^1.4.2"[39m[33m,[39m[0m
3 error [0m [90m 36 |[39m     [32m"nanoid"[39m[33m:[39m [32m"^3.1.23"[39m[33m,[39m[0m
3 error [0m[31m[1m>[22m[39m[90m 37 |[39m   }[33m,[39m[0m
3 error [0m [90m    |[39m   [31m[1m^[22m[39m[0m
3 error [0m [90m 38 |[39m   [32m"devDependencies"[39m[33m:[39m {[0m
3 error [0m [90m 39 |[39m     [32m"@commitlint/cli"[39m[33m:[39m [32m"^12.1.4"[39m[33m,[39m[0m
3 error [0m [90m 40 |[39m     [32m"@commitlint/config-conventional"[39m[33m:[39m [32m"^12.1.4"[39m[33m,[39m[0m
3 error
3 error     at parseJson (/Users/giacomo.pasin/Documents/dev/cherry-lerna/node_modules/parse-json/index.js:29:21)
3 error     at parse (/Users/giacomo.pasin/Documents/dev/cherry-lerna/node_modules/load-json-file/index.js:15:9)
3 error     at module.exports (/Users/giacomo.pasin/Documents/dev/cherry-lerna/node_modules/load-json-file/index.js:18:47)
